<?xml version="1.0" encoding="UTF-8"?>
<testsuite xmlns:xsi="http://www.w3.org/2001/XMLSchema-instance" xsi:noNamespaceSchemaLocation="https://maven.apache.org/surefire/maven-surefire-plugin/xsd/surefire-test-report-3.0.xsd" version="3.0" name="TestSuite" time="86.142" tests="6" errors="0" skipped="0" failures="0">
  <properties>
    <property name="sun.desktop" value="windows"/>
    <property name="awt.toolkit" value="sun.awt.windows.WToolkit"/>
    <property name="file.encoding.pkg" value="sun.io"/>
    <property name="java.specification.version" value="1.8"/>
    <property name="webdriver.chrome.driver" value="C:\Users\shirishat\OneDrive - Synergy\Documents\ST_Personal\Westpac\Web-Automation\Web-Automation//libs//chromedriver.exe"/>
    <property name="sun.cpu.isalist" value="amd64"/>
    <property name="sun.jnu.encoding" value="Cp1252"/>
    <property name="java.class.path" value="C:\Users\shirishat\OneDrive - Synergy\Documents\ST_Personal\Westpac\Web-Automation\Web-Automation\target\test-classes;C:\Users\shirishat\OneDrive - Synergy\Documents\ST_Personal\Westpac\Web-Automation\Web-Automation\target\classes;C:\Users\shirishat\.m2\repository\io\cucumber\cucumber-java\6.9.1\cucumber-java-6.9.1.jar;C:\Users\shirishat\.m2\repository\io\cucumber\cucumber-core\6.9.1\cucumber-core-6.9.1.jar;C:\Users\shirishat\.m2\repository\io\cucumber\cucumber-gherkin\6.9.1\cucumber-gherkin-6.9.1.jar;C:\Users\shirishat\.m2\repository\io\cucumber\cucumber-gherkin-messages\6.9.1\cucumber-gherkin-messages-6.9.1.jar;C:\Users\shirishat\.m2\repository\io\cucumber\messages\13.2.1\messages-13.2.1.jar;C:\Users\shirishat\.m2\repository\io\cucumber\tag-expressions\3.0.0\tag-expressions-3.0.0.jar;C:\Users\shirishat\.m2\repository\io\cucumber\cucumber-expressions\10.3.0\cucumber-expressions-10.3.0.jar;C:\Users\shirishat\.m2\repository\io\cucumber\datatable\3.5.0\datatable-3.5.0.jar;C:\Users\shirishat\.m2\repository\io\cucumber\cucumber-plugin\6.9.1\cucumber-plugin-6.9.1.jar;C:\Users\shirishat\.m2\repository\io\cucumber\docstring\6.9.1\docstring-6.9.1.jar;C:\Users\shirishat\.m2\repository\io\cucumber\html-formatter\9.0.0\html-formatter-9.0.0.jar;C:\Users\shirishat\.m2\repository\io\cucumber\create-meta\2.0.4\create-meta-2.0.4.jar;C:\Users\shirishat\.m2\repository\org\apiguardian\apiguardian-api\1.1.0\apiguardian-api-1.1.0.jar;C:\Users\shirishat\.m2\repository\io\cucumber\cucumber-testng\6.9.1\cucumber-testng-6.9.1.jar;C:\Users\shirishat\.m2\repository\io\cucumber\cucumber-junit\6.9.1\cucumber-junit-6.9.1.jar;C:\Users\shirishat\.m2\repository\junit\junit\4.13.1\junit-4.13.1.jar;C:\Users\shirishat\.m2\repository\org\hamcrest\hamcrest-core\1.3\hamcrest-core-1.3.jar;C:\Users\shirishat\.m2\repository\io\cucumber\cucumber-picocontainer\6.9.1\cucumber-picocontainer-6.9.1.jar;C:\Users\shirishat\.m2\repository\org\picocontainer\picocontainer\2.15\picocontainer-2.15.jar;C:\Users\shirishat\.m2\repository\info\cukes\cucumber-core\1.2.5\cucumber-core-1.2.5.jar;C:\Users\shirishat\.m2\repository\info\cukes\cucumber-html\0.2.3\cucumber-html-0.2.3.jar;C:\Users\shirishat\.m2\repository\info\cukes\cucumber-jvm-deps\1.0.5\cucumber-jvm-deps-1.0.5.jar;C:\Users\shirishat\.m2\repository\info\cukes\gherkin\2.12.2\gherkin-2.12.2.jar;C:\Users\shirishat\.m2\repository\org\seleniumhq\selenium\selenium-java\3.141.59\selenium-java-3.141.59.jar;C:\Users\shirishat\.m2\repository\org\seleniumhq\selenium\selenium-api\3.141.59\selenium-api-3.141.59.jar;C:\Users\shirishat\.m2\repository\org\seleniumhq\selenium\selenium-chrome-driver\3.141.59\selenium-chrome-driver-3.141.59.jar;C:\Users\shirishat\.m2\repository\org\seleniumhq\selenium\selenium-edge-driver\3.141.59\selenium-edge-driver-3.141.59.jar;C:\Users\shirishat\.m2\repository\org\seleniumhq\selenium\selenium-firefox-driver\3.141.59\selenium-firefox-driver-3.141.59.jar;C:\Users\shirishat\.m2\repository\org\seleniumhq\selenium\selenium-ie-driver\3.141.59\selenium-ie-driver-3.141.59.jar;C:\Users\shirishat\.m2\repository\org\seleniumhq\selenium\selenium-opera-driver\3.141.59\selenium-opera-driver-3.141.59.jar;C:\Users\shirishat\.m2\repository\org\seleniumhq\selenium\selenium-remote-driver\3.141.59\selenium-remote-driver-3.141.59.jar;C:\Users\shirishat\.m2\repository\org\seleniumhq\selenium\selenium-safari-driver\3.141.59\selenium-safari-driver-3.141.59.jar;C:\Users\shirishat\.m2\repository\org\seleniumhq\selenium\selenium-support\3.141.59\selenium-support-3.141.59.jar;C:\Users\shirishat\.m2\repository\net\bytebuddy\byte-buddy\1.8.15\byte-buddy-1.8.15.jar;C:\Users\shirishat\.m2\repository\org\apache\commons\commons-exec\1.3\commons-exec-1.3.jar;C:\Users\shirishat\.m2\repository\com\google\guava\guava\25.0-jre\guava-25.0-jre.jar;C:\Users\shirishat\.m2\repository\com\google\code\findbugs\jsr305\1.3.9\jsr305-1.3.9.jar;C:\Users\shirishat\.m2\repository\org\checkerframework\checker-compat-qual\2.0.0\checker-compat-qual-2.0.0.jar;C:\Users\shirishat\.m2\repository\com\google\errorprone\error_prone_annotations\2.1.3\error_prone_annotations-2.1.3.jar;C:\Users\shirishat\.m2\repository\com\google\j2objc\j2objc-annotations\1.1\j2objc-annotations-1.1.jar;C:\Users\shirishat\.m2\repository\org\codehaus\mojo\animal-sniffer-annotations\1.14\animal-sniffer-annotations-1.14.jar;C:\Users\shirishat\.m2\repository\com\squareup\okhttp3\okhttp\3.11.0\okhttp-3.11.0.jar;C:\Users\shirishat\.m2\repository\com\squareup\okio\okio\1.14.0\okio-1.14.0.jar;C:\Users\shirishat\.m2\repository\org\testng\testng\7.3.0\testng-7.3.0.jar;C:\Users\shirishat\.m2\repository\com\beust\jcommander\1.78\jcommander-1.78.jar;C:\Users\shirishat\.m2\repository\org\apache\ant\ant\1.10.3\ant-1.10.3.jar;C:\Users\shirishat\.m2\repository\org\apache\ant\ant-launcher\1.10.3\ant-launcher-1.10.3.jar;C:\Users\shirishat\.m2\repository\com\google\inject\guice\4.2.2\guice-4.2.2-no_aop.jar;C:\Users\shirishat\.m2\repository\javax\inject\javax.inject\1\javax.inject-1.jar;C:\Users\shirishat\.m2\repository\aopalliance\aopalliance\1.0\aopalliance-1.0.jar;C:\Users\shirishat\.m2\repository\org\yaml\snakeyaml\1.21\snakeyaml-1.21.jar;"/>
    <property name="java.vm.vendor" value="Oracle Corporation"/>
    <property name="sun.arch.data.model" value="64"/>
    <property name="user.variant" value=""/>
    <property name="java.vendor.url" value="http://java.oracle.com/"/>
    <property name="user.timezone" value="Pacific/Auckland"/>
    <property name="java.vm.specification.version" value="1.8"/>
    <property name="os.name" value="Windows 10"/>
    <property name="user.country" value="NZ"/>
    <property name="sun.java.launcher" value="SUN_STANDARD"/>
    <property name="sun.boot.library.path" value="C:\Program Files\Java\jdk1.8.0_271\jre\bin"/>
    <property name="sun.java.command" value="C:\Users\shirishat\AppData\Local\Temp\surefire4015991130263493084\surefirebooter1447469884154781829.jar C:\Users\shirishat\AppData\Local\Temp\surefire4015991130263493084 2021-07-18T20-51-43_716-jvmRun1 surefire5345799782115386260tmp surefire_08287937060239483082tmp"/>
    <property name="surefire.test.class.path" value="C:\Users\shirishat\OneDrive - Synergy\Documents\ST_Personal\Westpac\Web-Automation\Web-Automation\target\test-classes;C:\Users\shirishat\OneDrive - Synergy\Documents\ST_Personal\Westpac\Web-Automation\Web-Automation\target\classes;C:\Users\shirishat\.m2\repository\io\cucumber\cucumber-java\6.9.1\cucumber-java-6.9.1.jar;C:\Users\shirishat\.m2\repository\io\cucumber\cucumber-core\6.9.1\cucumber-core-6.9.1.jar;C:\Users\shirishat\.m2\repository\io\cucumber\cucumber-gherkin\6.9.1\cucumber-gherkin-6.9.1.jar;C:\Users\shirishat\.m2\repository\io\cucumber\cucumber-gherkin-messages\6.9.1\cucumber-gherkin-messages-6.9.1.jar;C:\Users\shirishat\.m2\repository\io\cucumber\messages\13.2.1\messages-13.2.1.jar;C:\Users\shirishat\.m2\repository\io\cucumber\tag-expressions\3.0.0\tag-expressions-3.0.0.jar;C:\Users\shirishat\.m2\repository\io\cucumber\cucumber-expressions\10.3.0\cucumber-expressions-10.3.0.jar;C:\Users\shirishat\.m2\repository\io\cucumber\datatable\3.5.0\datatable-3.5.0.jar;C:\Users\shirishat\.m2\repository\io\cucumber\cucumber-plugin\6.9.1\cucumber-plugin-6.9.1.jar;C:\Users\shirishat\.m2\repository\io\cucumber\docstring\6.9.1\docstring-6.9.1.jar;C:\Users\shirishat\.m2\repository\io\cucumber\html-formatter\9.0.0\html-formatter-9.0.0.jar;C:\Users\shirishat\.m2\repository\io\cucumber\create-meta\2.0.4\create-meta-2.0.4.jar;C:\Users\shirishat\.m2\repository\org\apiguardian\apiguardian-api\1.1.0\apiguardian-api-1.1.0.jar;C:\Users\shirishat\.m2\repository\io\cucumber\cucumber-testng\6.9.1\cucumber-testng-6.9.1.jar;C:\Users\shirishat\.m2\repository\io\cucumber\cucumber-junit\6.9.1\cucumber-junit-6.9.1.jar;C:\Users\shirishat\.m2\repository\junit\junit\4.13.1\junit-4.13.1.jar;C:\Users\shirishat\.m2\repository\org\hamcrest\hamcrest-core\1.3\hamcrest-core-1.3.jar;C:\Users\shirishat\.m2\repository\io\cucumber\cucumber-picocontainer\6.9.1\cucumber-picocontainer-6.9.1.jar;C:\Users\shirishat\.m2\repository\org\picocontainer\picocontainer\2.15\picocontainer-2.15.jar;C:\Users\shirishat\.m2\repository\info\cukes\cucumber-core\1.2.5\cucumber-core-1.2.5.jar;C:\Users\shirishat\.m2\repository\info\cukes\cucumber-html\0.2.3\cucumber-html-0.2.3.jar;C:\Users\shirishat\.m2\repository\info\cukes\cucumber-jvm-deps\1.0.5\cucumber-jvm-deps-1.0.5.jar;C:\Users\shirishat\.m2\repository\info\cukes\gherkin\2.12.2\gherkin-2.12.2.jar;C:\Users\shirishat\.m2\repository\org\seleniumhq\selenium\selenium-java\3.141.59\selenium-java-3.141.59.jar;C:\Users\shirishat\.m2\repository\org\seleniumhq\selenium\selenium-api\3.141.59\selenium-api-3.141.59.jar;C:\Users\shirishat\.m2\repository\org\seleniumhq\selenium\selenium-chrome-driver\3.141.59\selenium-chrome-driver-3.141.59.jar;C:\Users\shirishat\.m2\repository\org\seleniumhq\selenium\selenium-edge-driver\3.141.59\selenium-edge-driver-3.141.59.jar;C:\Users\shirishat\.m2\repository\org\seleniumhq\selenium\selenium-firefox-driver\3.141.59\selenium-firefox-driver-3.141.59.jar;C:\Users\shirishat\.m2\repository\org\seleniumhq\selenium\selenium-ie-driver\3.141.59\selenium-ie-driver-3.141.59.jar;C:\Users\shirishat\.m2\repository\org\seleniumhq\selenium\selenium-opera-driver\3.141.59\selenium-opera-driver-3.141.59.jar;C:\Users\shirishat\.m2\repository\org\seleniumhq\selenium\selenium-remote-driver\3.141.59\selenium-remote-driver-3.141.59.jar;C:\Users\shirishat\.m2\repository\org\seleniumhq\selenium\selenium-safari-driver\3.141.59\selenium-safari-driver-3.141.59.jar;C:\Users\shirishat\.m2\repository\org\seleniumhq\selenium\selenium-support\3.141.59\selenium-support-3.141.59.jar;C:\Users\shirishat\.m2\repository\net\bytebuddy\byte-buddy\1.8.15\byte-buddy-1.8.15.jar;C:\Users\shirishat\.m2\repository\org\apache\commons\commons-exec\1.3\commons-exec-1.3.jar;C:\Users\shirishat\.m2\repository\com\google\guava\guava\25.0-jre\guava-25.0-jre.jar;C:\Users\shirishat\.m2\repository\com\google\code\findbugs\jsr305\1.3.9\jsr305-1.3.9.jar;C:\Users\shirishat\.m2\repository\org\checkerframework\checker-compat-qual\2.0.0\checker-compat-qual-2.0.0.jar;C:\Users\shirishat\.m2\repository\com\google\errorprone\error_prone_annotations\2.1.3\error_prone_annotations-2.1.3.jar;C:\Users\shirishat\.m2\repository\com\google\j2objc\j2objc-annotations\1.1\j2objc-annotations-1.1.jar;C:\Users\shirishat\.m2\repository\org\codehaus\mojo\animal-sniffer-annotations\1.14\animal-sniffer-annotations-1.14.jar;C:\Users\shirishat\.m2\repository\com\squareup\okhttp3\okhttp\3.11.0\okhttp-3.11.0.jar;C:\Users\shirishat\.m2\repository\com\squareup\okio\okio\1.14.0\okio-1.14.0.jar;C:\Users\shirishat\.m2\repository\org\testng\testng\7.3.0\testng-7.3.0.jar;C:\Users\shirishat\.m2\repository\com\beust\jcommander\1.78\jcommander-1.78.jar;C:\Users\shirishat\.m2\repository\org\apache\ant\ant\1.10.3\ant-1.10.3.jar;C:\Users\shirishat\.m2\repository\org\apache\ant\ant-launcher\1.10.3\ant-launcher-1.10.3.jar;C:\Users\shirishat\.m2\repository\com\google\inject\guice\4.2.2\guice-4.2.2-no_aop.jar;C:\Users\shirishat\.m2\repository\javax\inject\javax.inject\1\javax.inject-1.jar;C:\Users\shirishat\.m2\repository\aopalliance\aopalliance\1.0\aopalliance-1.0.jar;C:\Users\shirishat\.m2\repository\org\yaml\snakeyaml\1.21\snakeyaml-1.21.jar;"/>
    <property name="sun.cpu.endian" value="little"/>
    <property name="user.home" value="C:\Users\shirishat"/>
    <property name="user.language" value="en"/>
    <property name="java.specification.vendor" value="Oracle Corporation"/>
    <property name="java.home" value="C:\Program Files\Java\jdk1.8.0_271\jre"/>
    <property name="basedir" value="C:\Users\shirishat\OneDrive - Synergy\Documents\ST_Personal\Westpac\Web-Automation\Web-Automation"/>
    <property name="file.separator" value="\"/>
    <property name="line.separator" value="&#10;"/>
    <property name="java.vm.specification.vendor" value="Oracle Corporation"/>
    <property name="java.specification.name" value="Java Platform API Specification"/>
    <property name="java.awt.graphicsenv" value="sun.awt.Win32GraphicsEnvironment"/>
    <property name="surefire.real.class.path" value="C:\Users\shirishat\AppData\Local\Temp\surefire4015991130263493084\surefirebooter1447469884154781829.jar"/>
    <property name="sun.boot.class.path" value="C:\Program Files\Java\jdk1.8.0_271\jre\lib\resources.jar;C:\Program Files\Java\jdk1.8.0_271\jre\lib\rt.jar;C:\Program Files\Java\jdk1.8.0_271\jre\lib\sunrsasign.jar;C:\Program Files\Java\jdk1.8.0_271\jre\lib\jsse.jar;C:\Program Files\Java\jdk1.8.0_271\jre\lib\jce.jar;C:\Program Files\Java\jdk1.8.0_271\jre\lib\charsets.jar;C:\Program Files\Java\jdk1.8.0_271\jre\lib\jfr.jar;C:\Program Files\Java\jdk1.8.0_271\jre\classes"/>
    <property name="user.script" value=""/>
    <property name="sun.management.compiler" value="HotSpot 64-Bit Tiered Compilers"/>
    <property name="java.runtime.version" value="1.8.0_271-b09"/>
    <property name="user.name" value="shirishat"/>
    <property name="path.separator" value=";"/>
    <property name="os.version" value="10.0"/>
    <property name="java.endorsed.dirs" value="C:\Program Files\Java\jdk1.8.0_271\jre\lib\endorsed"/>
    <property name="java.runtime.name" value="Java(TM) SE Runtime Environment"/>
    <property name="file.encoding" value="Cp1252"/>
    <property name="java.vm.name" value="Java HotSpot(TM) 64-Bit Server VM"/>
    <property name="localRepository" value="C:\Users\shirishat\.m2\repository"/>
    <property name="java.vendor.url.bug" value="http://bugreport.sun.com/bugreport/"/>
    <property name="java.io.tmpdir" value="C:\Users\SHIRIS~1\AppData\Local\Temp\"/>
    <property name="java.version" value="1.8.0_271"/>
    <property name="user.dir" value="C:\Users\shirishat\OneDrive - Synergy\Documents\ST_Personal\Westpac\Web-Automation\Web-Automation"/>
    <property name="os.arch" value="amd64"/>
    <property name="java.vm.specification.name" value="Java Virtual Machine Specification"/>
    <property name="java.awt.printerjob" value="sun.awt.windows.WPrinterJob"/>
    <property name="sun.os.patch.level" value=""/>
    <property name="java.library.path" value="C:\Program Files\Java\jdk1.8.0_271\jre\bin;C:\WINDOWS\Sun\Java\bin;C:\WINDOWS\system32;C:\WINDOWS;C:\Program Files (x86)\Common Files\Oracle\Java\javapath;C:\WINDOWS\system32;C:\WINDOWS;C:\WINDOWS\System32\Wbem;C:\WINDOWS\System32\WindowsPowerShell\v1.0\;C:\WINDOWS\System32\OpenSSH\;C:\Program Files (x86)\Microsoft SQL Server\Client SDK\ODBC\130\Tools\Binn\;C:\Program Files (x86)\Microsoft SQL Server\140\Tools\Binn\;C:\Program Files (x86)\Microsoft SQL Server\140\DTS\Binn\;C:\Program Files (x86)\Microsoft SQL Server\140\Tools\Binn\ManagementStudio\;C:\Program Files\Git\cmd;C:\Program Files\nodejs\;C:\Program Files\TortoiseGit\bin;C:\Program Files (x86)\Windows Kits\10\Windows Performance Toolkit\;C:\Program Files\dotnet\;C:\Program Files\Microsoft SQL Server\130\Tools\Binn\;C:\Program Files\Microsoft SQL Server\Client SDK\ODBC\170\Tools\Binn\;C:\Program Files (x86)\dotnet\;C:\Program Files\apache-maven-3.8.1\bin;C:\Program Files\Java\jdk1.8.0_271\bin;C:\Users\shirishat\AppData\Local\Microsoft\WindowsApps;C:\Users\shirishat\.dotnet\tools;."/>
    <property name="java.vm.info" value="mixed mode"/>
    <property name="java.vendor" value="Oracle Corporation"/>
    <property name="java.vm.version" value="25.271-b09"/>
    <property name="java.ext.dirs" value="C:\Program Files\Java\jdk1.8.0_271\jre\lib\ext;C:\WINDOWS\Sun\Java\lib\ext"/>
    <property name="sun.io.unicode.encoding" value="UnicodeLittle"/>
    <property name="java.class.version" value="52.0"/>
  </properties>
  <testcase name="runScenario[&quot;Verify user is able to login with valid &amp; in valid credentials&quot;, &quot;Optional[Buggy cars users login]&quot;](1)" classname="Runner.TestRunner" time="15.615">
    <system-out><![CDATA[
@Login @Smoke @Web @Buggy @Log_test1
Scenario Outline: Verify user is able to login with valid & in valid credentials # src/main/java/features/Login.feature:15
browserName:chrome
BRowser set to: chrome
Launched URL over browser is:https://buggy.justtestit.org/
  Given I launch the buggy application in a browser                              # stepDefinitions.Registeration_StepDef.launch_application()
  When I am on buggy rating screen                                               # stepDefinitions.Registeration_StepDef.buggy_rating_screen()
  And I enter the "Buggy_User_1LcADE" and "Testtest123!"                         # stepDefinitions.Login_StepDef.buggy_application_login(java.lang.String,java.lang.String)
  And I click "Login" from the buggy rating screen                               # stepDefinitions.Registeration_StepDef.click_options(java.lang.String)
  Then I validate that the user "is" able to login                               # stepDefinitions.Login_StepDef.i_validate_that_the_user_able_to_login(java.lang.String)
]]></system-out>
    <system-err><![CDATA[Starting ChromeDriver 91.0.4472.101 (af52a90bf87030dd1523486a1cd3ae25c5d76c9b-refs/branch-heads/4472@{#1462}) on port 3106
Only local connections are allowed.
Please see https://chromedriver.chromium.org/security-considerations for suggestions on keeping ChromeDriver safe.
ChromeDriver was started successfully.
Jul 18, 2021 8:51:53 PM org.openqa.selenium.remote.ProtocolHandshake createSession
INFO: Detected dialect: W3C
]]></system-err>
  </testcase>
  <testcase name="runScenario[&quot;Verify user is able to login with valid &amp; in valid credentials&quot;, &quot;Optional[Buggy cars users login]&quot;](2)" classname="Runner.TestRunner" time="7.058">
    <system-out><![CDATA[
@Login @Smoke @Web @Buggy @Log_test1
Scenario Outline: Verify user is able to login with valid & in valid credentials # src/main/java/features/Login.feature:16
browserName:chrome
BRowser set to: chrome
Launched URL over browser is:https://buggy.justtestit.org/
  Given I launch the buggy application in a browser                              # stepDefinitions.Registeration_StepDef.launch_application()
  When I am on buggy rating screen                                               # stepDefinitions.Registeration_StepDef.buggy_rating_screen()
  And I enter the "Buggy_User_xxxxx" and "xxxxx"                                 # stepDefinitions.Login_StepDef.buggy_application_login(java.lang.String,java.lang.String)
  And I click "Login" from the buggy rating screen                               # stepDefinitions.Registeration_StepDef.click_options(java.lang.String)
  Then I validate that the user "is_not" able to login                           # stepDefinitions.Login_StepDef.i_validate_that_the_user_able_to_login(java.lang.String)
]]></system-out>
    <system-err><![CDATA[Starting ChromeDriver 91.0.4472.101 (af52a90bf87030dd1523486a1cd3ae25c5d76c9b-refs/branch-heads/4472@{#1462}) on port 4407
Only local connections are allowed.
Please see https://chromedriver.chromium.org/security-considerations for suggestions on keeping ChromeDriver safe.
ChromeDriver was started successfully.
Jul 18, 2021 8:52:07 PM org.openqa.selenium.remote.ProtocolHandshake createSession
INFO: Detected dialect: W3C
]]></system-err>
  </testcase>
  <testcase name="runScenario[&quot;Verify user is able to vote the popular model car&quot;, &quot;Optional[Buggy Popular car features]&quot;](3)" classname="Runner.TestRunner" time="15.582">
    <system-out><![CDATA[
@Popular @Smoke @Web @Buggy @Populr_test1
Scenario: Verify user is able to vote the popular model car  # src/main/java/features/Popular_Type.feature:10
browserName:chrome
BRowser set to: chrome
Launched URL over browser is:https://buggy.justtestit.org/
  Given I launch the buggy application in a browser          # stepDefinitions.Registeration_StepDef.launch_application()
  When I am on buggy rating screen                           # stepDefinitions.Registeration_StepDef.buggy_rating_screen()
New user details:::user_name:Buggy_User_3kKabm password:Testtest123!
success message:Registration is successful
  Then I log into buggy application with new user every time # stepDefinitions.Login_StepDef.login_with_new_user()
Total Votes forPopular Model:::2281
  Given I click on the item under "Popular Model"            # stepDefinitions.Popular_StepDef.i_click_on_the_item_under(java.lang.String)
List is:[Engine: 6.0l, Max Speed: 25km/h]
  When I am on popular model screen                          # stepDefinitions.Popular_StepDef.i_am_on_popular_model_screen()
  And I vote for the model                                   # stepDefinitions.Popular_StepDef.i_vote_for_the_model()
votes Before:2281After:2282
  Then I validate the vote count updated for the model       # stepDefinitions.Popular_StepDef.i_validate_the_vote_count_updated_for_the_model()
  And I Logout from the application                          # stepDefinitions.Login_StepDef.logout_app()
]]></system-out>
    <system-err><![CDATA[Starting ChromeDriver 91.0.4472.101 (af52a90bf87030dd1523486a1cd3ae25c5d76c9b-refs/branch-heads/4472@{#1462}) on port 24590
Only local connections are allowed.
Please see https://chromedriver.chromium.org/security-considerations for suggestions on keeping ChromeDriver safe.
ChromeDriver was started successfully.
Jul 18, 2021 8:52:15 PM org.openqa.selenium.remote.ProtocolHandshake createSession
INFO: Detected dialect: W3C
]]></system-err>
  </testcase>
  <testcase name="runScenario[&quot;Verify each car model &amp; make navigations form overall rating screen&quot;, &quot;Optional[Buggy Popular car features]&quot;](4)" classname="Runner.TestRunner" time="16.746">
    <system-out><![CDATA[
@Popular @Smoke @Web @Buggy @Populr_test2
Scenario: Verify each car model & make navigations form overall rating screen         # src/main/java/features/Popular_Type.feature:22
browserName:chrome
BRowser set to: chrome
Launched URL over browser is:https://buggy.justtestit.org/
  Given I launch the buggy application in a browser                                   # stepDefinitions.Registeration_StepDef.launch_application()
  When I am on buggy rating screen                                                    # stepDefinitions.Registeration_StepDef.buggy_rating_screen()
  Then I log into buggy application with valid credentials                            # stepDefinitions.Login_StepDef.i_log_into_buggy_application_with_valid_credentials()
Total Votes forPopular Model:::2282
  Given I click on the item under "Overall Rating"                                    # stepDefinitions.Popular_StepDef.i_click_on_the_item_under(java.lang.String)
  When I am on Overall Rating screen                                                  # stepDefinitions.Popular_StepDef.i_am_on_overall_rating_screen()
[Lamborghini, Pagani, Alfa Romeo, Lancia, Pagani]
  Then I validate the user is able to navigate each model and make from rating screen # stepDefinitions.Popular_StepDef.i_validate_the_user_is_able_to_navigate_each_model_and_make_from_rating_screen()
]]></system-out>
    <system-err><![CDATA[Starting ChromeDriver 91.0.4472.101 (af52a90bf87030dd1523486a1cd3ae25c5d76c9b-refs/branch-heads/4472@{#1462}) on port 8409
Only local connections are allowed.
Please see https://chromedriver.chromium.org/security-considerations for suggestions on keeping ChromeDriver safe.
ChromeDriver was started successfully.
Jul 18, 2021 8:52:31 PM org.openqa.selenium.remote.ProtocolHandshake createSession
INFO: Detected dialect: W3C
]]></system-err>
  </testcase>
  <testcase name="runScenario[&quot;Verify new user is able to complete the registration process&quot;, &quot;Optional[Buggy Cars Registration]&quot;](5)" classname="Runner.TestRunner" time="8.932">
    <system-out><![CDATA[
@Register @Smoke @Web @Buggy @Reg_test1
Scenario: Verify new user is able to complete the registration process # src/main/java/features/Registration.feature:5
browserName:chrome
BRowser set to: chrome
Launched URL over browser is:https://buggy.justtestit.org/
  Given I launch the buggy application in a browser                    # stepDefinitions.Registeration_StepDef.launch_application()
  When I am on buggy rating screen                                     # stepDefinitions.Registeration_StepDef.buggy_rating_screen()
  Then I click "Register" from the buggy rating screen                 # stepDefinitions.Registeration_StepDef.click_options(java.lang.String)
  When I am on buggy rating registration screen                        # stepDefinitions.Registeration_StepDef.buggy_rating_registeration_screen()
New user details:::user_name:Buggy_User_5RdDIx password:Testtest123!
success message:Registration is successful
  And I enter the valid details and complete the sign up               # stepDefinitions.Registeration_StepDef.complete_registration()
  Then I validate the registration success message for new user        # stepDefinitions.Registeration_StepDef.validate_user_registeration()
]]></system-out>
    <system-err><![CDATA[Starting ChromeDriver 91.0.4472.101 (af52a90bf87030dd1523486a1cd3ae25c5d76c9b-refs/branch-heads/4472@{#1462}) on port 24359
Only local connections are allowed.
Please see https://chromedriver.chromium.org/security-considerations for suggestions on keeping ChromeDriver safe.
ChromeDriver was started successfully.
Jul 18, 2021 8:52:50 PM org.openqa.selenium.remote.ProtocolHandshake createSession
INFO: Detected dialect: W3C
]]></system-err>
  </testcase>
  <testcase name="runScenario[&quot;Verify user is able to update the profile settings&quot;, &quot;Optional[Buggy cars users profile]&quot;](6)" classname="Runner.TestRunner" time="12.169">
    <system-out><![CDATA[
@Profile @Smoke @Web @Buggy @Prof_test1
Scenario: Verify user is able to update the profile settings                 # src/main/java/features/User_Profile.feature:5
browserName:chrome
BRowser set to: chrome
Launched URL over browser is:https://buggy.justtestit.org/
  Given I launch the buggy application in a browser                          # stepDefinitions.Registeration_StepDef.launch_application()
  When I am on buggy rating screen                                           # stepDefinitions.Registeration_StepDef.buggy_rating_screen()
  Then I log into buggy application with valid credentials                   # stepDefinitions.Login_StepDef.i_log_into_buggy_application_with_valid_credentials()
  Given I Click on "Profile" from menu screen                                # stepDefinitions.User_Profile_StepDef.i_Click_on_from_menu_screen(java.lang.String)
  When I am on the edit profile page                                         # stepDefinitions.User_Profile_StepDef.i_am_on_the_edit_profile_page()
  Then I update additional info fields gender, age, address, phone and hobby # stepDefinitions.User_Profile_StepDef.i_update_additional_info_fields_gender_age_address_phone_and_hobby()
  And I validate changes are saved or not                                    # stepDefinitions.User_Profile_StepDef.i_validate_changes_are_saved_or_not()
]]></system-out>
    <system-err><![CDATA[Starting ChromeDriver 91.0.4472.101 (af52a90bf87030dd1523486a1cd3ae25c5d76c9b-refs/branch-heads/4472@{#1462}) on port 34644
Only local connections are allowed.
Please see https://chromedriver.chromium.org/security-considerations for suggestions on keeping ChromeDriver safe.
ChromeDriver was started successfully.
Jul 18, 2021 8:53:00 PM org.openqa.selenium.remote.ProtocolHandshake createSession
INFO: Detected dialect: W3C
]]></system-err>
  </testcase>
</testsuite>