<?xml version="1.0" encoding="UTF-8"?>
<!-- Generated by org.testng.reporters.JUnitReportReporter -->
<testsuite skipped="0" hostname="apples-MacBook-Pro-2.local" name="Runner.TestRunner" tests="1" failures="0" timestamp="2021-07-17T18:35:30 IST" time="23.800" errors="0">
  <testcase name="runScenario" time="23.800" classname="Runner.TestRunner"/>
  <system-out/>
</testsuite> <!-- Runner.TestRunner -->
