<?xml version="1.0" encoding="UTF-8"?>
<!-- Generated by org.testng.reporters.JUnitReportReporter -->
<testsuite skipped="0" hostname="KOTAHI-t818YPDt" name="Runner.TestRunner" tests="6" failures="0" timestamp="2021-07-18T20:53:12 NZST" time="83.349" errors="0">
  <testcase name="runScenario" time="10.258" classname="Runner.TestRunner"/>
  <system-out/>
  <testcase name="runScenario" time="16.546" classname="Runner.TestRunner"/>
  <system-out/>
  <testcase name="runScenario" time="17.636" classname="Runner.TestRunner"/>
  <system-out/>
  <testcase name="runScenario" time="16.791" classname="Runner.TestRunner"/>
  <system-out/>
  <testcase name="runScenario" time="13.190" classname="Runner.TestRunner"/>
  <system-out/>
  <testcase name="runScenario" time="8.928" classname="Runner.TestRunner"/>
  <system-out/>
</testsuite> <!-- Runner.TestRunner -->
